Alchevsk
Alushta
Antratsyt
Bakhmut
Berdyansk
Bila Tserkva
Bilhorod-Dnistrovskyi
Bolhrad
Boryspil
Brody
Brovary
Bryanka
Cherkasy Region Capital
Chernihiv Region Capital
Chernivtsi Region Capital
Chervonohrad
Dnipro Region Capital
Donetsk Region Capital
Drohobych
Enakievo
Energodar
Evpatoria
Fastiv
Feodosia
Glukhov
Gorlovka
Ivano-Frankivsk Region Capital
Izmail
Izyum
Kalush
Kamenets Podolskiy
Kamianske
Kerch
Kharkov Region Capital
Khartsyzsk
Kherson Region Capital
Khmelnitsky Region Capital
Kiev Region Capital
Kolomiya
Konotop
Konstantinovka
Korosten
Kovel
Kramatorsk
Krasnodon
Kremenchug
Kremenets
Krivoy Rog
Kropyvnytskyi Region Capital
Lisichansk
Lubny
Lugansk Region Capital
Lutsk Region Capital
Lviv Region Capital
Makeevka
Mariupol
Melitopol
Mirgorod
Mukachevo
Nikolaev Region Capital
Nikopol
Nizhyn
Odessa Region Capital
Okhtyrka
Oleksandriya
Pavlograd
Pochaev
Poltava Region Capital
Priluki
Pripyat
Rivne Region Capital
Romny
Sevastopol
Severodonetsk
Shostka
Simferopol Region Capital
Slavyansk
Smila
Stakhanov
Stryi
Sudak
Sumy Region Capital
Svetlovodsk
Ternopil Region Capital
Truskavets
Uman
Uzhgorod Region Capital
Vinnitsa Region Capital
Yalta
Yuzhnoukrainsk
Zaporozhye Region Capital
Zhitomir Region Capital
Zhovti Vody
Cherkassy
Chernigov
Chernovtsy
Crimea
Dnepropetrovsk
Donetsk
Ivano-Frankivsk
Kharkov
Kherson
Khmelnitsky
Kiev
Kirovograd
LMNOPQR
Lugansk
Lviv
Nikolaev
Odessa
Poltava
Rivne
Sumy
Ternopil
Vinnitsa
Volyn
Zakarpattia
Zaporozhye
Zhitomir
